<?xml version="1.0" encoding="UTF-8"?>
<testsuite xmlns:xsi="http://www.w3.org/2001/XMLSchema-instance" xsi:schemaLocation="https://maven.apache.org/surefire/maven-surefire-plugin/xsd/surefire-test-report.xsd" name="ee.ut.cs.swt.nextdate.NextDateTest" time="0.158" tests="18" errors="0" skipped="0" failures="7">
  <properties>
[...]
</properties>
  <testcase name="testDecemberToJanuary" classname="ee.ut.cs.swt.nextdate.NextDateTest" time="0.135">
    <failure message="expected:&lt;1[/1/2002]&gt; but was:&lt;1[2/32/2001]&gt;" type="org.junit.ComparisonFailure"><![CDATA[org.junit.ComparisonFailure: expected:<1[/1/2002]> but was:<1[2/32/2001]>
	at ee.ut.cs.swt.nextdate.NextDateTest.testDecemberToJanuary(NextDateTest.java:32)
]]></failure>
  </testcase>
  <testcase name="testJuneToJuly" classname="ee.ut.cs.swt.nextdate.NextDateTest" time="0.001"/>
  <testcase name="t1" classname="ee.ut.cs.swt.nextdate.NextDateTest" time="0">
    <failure message="expected:&lt;[I]nvalid Input Date&gt; but was:&lt;[i]nvalid Input Date&gt;" type="org.junit.ComparisonFailure"><![CDATA[org.junit.ComparisonFailure: expected:<[I]nvalid Input Date> but was:<[i]nvalid Input Date>
	at ee.ut.cs.swt.nextdate.NextDateTest.t1(NextDateTest.java:36)
]]></failure>
  </testcase>
  <testcase name="t2" classname="ee.ut.cs.swt.nextdate.NextDateTest" time="0"/>
  <testcase name="t3" classname="ee.ut.cs.swt.nextdate.NextDateTest" time="0"/>
  <testcase name="t4" classname="ee.ut.cs.swt.nextdate.NextDateTest" time="0.001">
    <failure message="expected:&lt;1[/1/2011]&gt; but was:&lt;1[2/32/2010]&gt;" type="org.junit.ComparisonFailure"><![CDATA[org.junit.ComparisonFailure: expected:<1[/1/2011]> but was:<1[2/32/2010]>
	at ee.ut.cs.swt.nextdate.NextDateTest.t4(NextDateTest.java:49)
]]></failure>
  </testcase>
  <testcase name="t5" classname="ee.ut.cs.swt.nextdate.NextDateTest" time="0"/>
  <testcase name="t6" classname="ee.ut.cs.swt.nextdate.NextDateTest" time="0"/>
  <testcase name="t7" classname="ee.ut.cs.swt.nextdate.NextDateTest" time="0"/>
  <testcase name="t8" classname="ee.ut.cs.swt.nextdate.NextDateTest" time="0"/>
  <testcase name="t9" classname="ee.ut.cs.swt.nextdate.NextDateTest" time="0"/>
  <testcase name="t10" classname="ee.ut.cs.swt.nextdate.NextDateTest" time="0"/>
  <testcase name="t11" classname="ee.ut.cs.swt.nextdate.NextDateTest" time="0.001">
    <failure message="expected:&lt;7/3[1]/2020&gt; but was:&lt;7/3[0]/2020&gt;" type="org.junit.ComparisonFailure"><![CDATA[org.junit.ComparisonFailure: expected:<7/3[1]/2020> but was:<7/3[0]/2020>
	at ee.ut.cs.swt.nextdate.NextDateTest.t11(NextDateTest.java:81)
]]></failure>
  </testcase>
  <testcase name="t12" classname="ee.ut.cs.swt.nextdate.NextDateTest" time="0.001"/>
  <testcase name="t13" classname="ee.ut.cs.swt.nextdate.NextDateTest" time="0.001">
    <failure message="expected:&lt;Invalid [Input Date]&gt; but was:&lt;Invalid [Next Year]&gt;" type="org.junit.ComparisonFailure"><![CDATA[org.junit.ComparisonFailure: expected:<Invalid [Input Date]> but was:<Invalid [Next Year]>
	at ee.ut.cs.swt.nextdate.NextDateTest.t13(NextDateTest.java:89)
]]></failure>
  </testcase>
  <testcase name="t14" classname="ee.ut.cs.swt.nextdate.NextDateTest" time="0.002">
    <failure message="expected:&lt;[Invalid Next Year]&gt; but was:&lt;[12/32/2021]&gt;" type="org.junit.ComparisonFailure"><![CDATA[org.junit.ComparisonFailure: expected:<[Invalid Next Year]> but was:<[12/32/2021]>
	at ee.ut.cs.swt.nextdate.NextDateTest.t14(NextDateTest.java:93)
]]></failure>
  </testcase>
  <testcase name="t15" classname="ee.ut.cs.swt.nextdate.NextDateTest" time="0.003">
    <failure message="expected:&lt;[8/]1/2021&gt; but was:&lt;[7/3]1/2021&gt;" type="org.junit.ComparisonFailure"><![CDATA[org.junit.ComparisonFailure: expected:<[8/]1/2021> but was:<[7/3]1/2021>
	at ee.ut.cs.swt.nextdate.NextDateTest.t15(NextDateTest.java:97)
]]></failure>
  </testcase>
  <testcase name="testMarchToApril" classname="ee.ut.cs.swt.nextdate.NextDateTest" time="0"/>
</testsuite>